生成启动时间为 2015/1/16 9:11:15。
     1>项目“F:\c\c function practice\brk()\ConsoleApplication1\ConsoleApplication1\ConsoleApplication1.vcxproj”在节点 2 上(Build 个目标)。
     1>ClCompile:
         D:\Visual Studio\VC\bin\CL.exe /c /ZI /nologo /W3 /WX- /sdl /Od /Oy- /D WIN32 /D _DEBUG /D _CONSOLE /D _UNICODE /D UNICODE /Gm /EHsc /RTC1 /MDd /GS /fp:precise /Zc:wchar_t /Zc:forScope /Yc"stdafx.h" /Fp"Debug\ConsoleApplication1.pch" /Fo"Debug\\" /Fd"Debug\vc110.pdb" /Gd /TP /analyze- /errorReport:prompt stdafx.cpp
         stdafx.cpp
         D:\Visual Studio\VC\bin\CL.exe /c /ZI /nologo /W3 /WX- /sdl /Od /Oy- /D WIN32 /D _DEBUG /D _CONSOLE /D _UNICODE /D UNICODE /Gm /EHsc /RTC1 /MDd /GS /fp:precise /Zc:wchar_t /Zc:forScope /Yu"stdafx.h" /Fp"Debug\ConsoleApplication1.pch" /Fo"Debug\\" /Fd"Debug\vc110.pdb" /Gd /TP /analyze- /errorReport:prompt ConsoleApplication1.cpp
         ConsoleApplication1.cpp
     1>f:\c\c function practice\brk()\consoleapplication1\consoleapplication1\consoleapplication1.cpp(11): error C4430: 缺少类型说明符 - 假定为 int。注意: C++ 不支持默认 int
     1>f:\c\c function practice\brk()\consoleapplication1\consoleapplication1\consoleapplication1.cpp(14): error C3861: “clrscr”: 找不到标识符
     1>f:\c\c function practice\brk()\consoleapplication1\consoleapplication1\consoleapplication1.cpp(15): warning C4129: “c”: 不可识别的字符转义序列
     1>f:\c\c function practice\brk()\consoleapplication1\consoleapplication1\consoleapplication1.cpp(22): error C3861: “brk”: 找不到标识符
     1>f:\c\c function practice\brk()\consoleapplication1\consoleapplication1\consoleapplication1.cpp(27): error C2143: 语法错误 : 缺少“;”(在“}”的前面)
     1>已完成生成项目“F:\c\c function practice\brk()\ConsoleApplication1\ConsoleApplication1\ConsoleApplication1.vcxproj”(Build 个目标)的操作 - 失败。

生成失败。

已用时间 00:00:02.92
